Der Buildvorgang wurde am 28.03.2014 09:34:40 gestartet.
     1>Projekt "Z:\Home\git\BachelorThesisExampleApplication\ExampleApplication\ExampleClient\ExampleClient.vcxproj" auf Knoten "3", Rebuild Ziel(e).
     1>ClCompile:
         C:\Program Files (x86)\Microsoft Visual Studio 12.0\VC\bin\CL.exe /c /Zi /nologo /W3 /WX- /O2 /Oi /Oy- /GL /D WIN32 /D NDEBUG /D _CONSOLE /D _LIB /D _UNICODE /D UNICODE /Gm- /EHsc /MD /GS /Gy /fp:precise /Zc:wchar_t /Zc:forScope /Fo"Release\\" /Fd"Release\vc120.pdb" /Gd /TP /analyze- /errorReport:prompt Connection.cpp ExampleClient.cpp Messwert.cpp stdafx.cpp
         Connection.cpp
         ExampleClient.cpp
     1>ExampleClient.cpp(34): warning C4996: 'sprintf': This function or variable may be unsafe. Consider using sprintf_s instead. To disable deprecation, use _CRT_SECURE_NO_WARNINGS. See online help for details.
                 C:\Program Files (x86)\Microsoft Visual Studio 12.0\VC\include\stdio.h(356): Siehe Deklaration von 'sprintf'
     1>ExampleClient.cpp(53): warning C4996: 'fopen': This function or variable may be unsafe. Consider using fopen_s instead. To disable deprecation, use _CRT_SECURE_NO_WARNINGS. See online help for details.
                 C:\Program Files (x86)\Microsoft Visual Studio 12.0\VC\include\stdio.h(211): Siehe Deklaration von 'fopen'
         Messwert.cpp
         stdafx.cpp
       Link:
         C:\Program Files (x86)\Microsoft Visual Studio 12.0\VC\bin\link.exe /ERRORREPORT:PROMPT /OUT:"Z:\Home\git\BachelorThesisExampleApplication\ExampleApplication\Release\ExampleClient.exe" /INCREMENTAL:NO /NOLOGO kernel32.lib user32.lib gdi32.lib winspool.lib comdlg32.lib advapi32.lib shell32.lib ole32.lib oleaut32.lib uuid.lib odbc32.lib odbccp32.lib /MANIFEST /MANIFESTUAC:"level='asInvoker' uiAccess='false'" /manifest:embed /DEBUG /PDB:"Z:\Home\git\BachelorThesisExampleApplication\ExampleApplication\Release\ExampleClient.pdb" /SUBSYSTEM:CONSOLE /OPT:REF /OPT:ICF /LTCG /TLBID:1 /DYNAMICBASE /NXCOMPAT /IMPLIB:"Z:\Home\git\BachelorThesisExampleApplication\ExampleApplication\Release\ExampleClient.lib" /MACHINE:X86 /SAFESEH Release\Connection.obj
         Release\ExampleClient.obj
         Release\Messwert.obj
         Release\stdafx.obj
         Code wird generiert.
         Codegenerierung ist abgeschlossen.
         ExampleClient.vcxproj -> Z:\Home\git\BachelorThesisExampleApplication\ExampleApplication\Release\ExampleClient.exe
     1>Die Erstellung des Projekts "Z:\Home\git\BachelorThesisExampleApplication\ExampleApplication\ExampleClient\ExampleClient.vcxproj" ist abgeschlossen, Rebuild Ziel(e).

Build erfolgreich.

Verstrichene Zeit 00:00:03.66
